1 47 7 9 19 37 8 40 48 16 32 42 30 41 49 20 50 45 10 38 12 27 21 25 43 3 4 46 15 13 34 31 18 6 22 11 14 33 17 24 23 35 39 36 44 29 26 28 2 5
1 26 2 27 3 28 4 29 5 30 6 31 7 32 8 33 9 34 10 35 11 36 12 37 13 38 14 39 15 40 16 41 17 42 18 43 19 44 20 45 21 46 22 47 23 48 24 49 25 50
1 35 24 47 6 28 8 33 11 50 23 44 3 31 25 32 14 41 16 39 15 49 21 40 4 2 26 46 20 48 18 37 9 34 5 29 22 30 7 43 17 42 10 45 19 27 12 38 13 36
1 33 5 42 7 32 21 29 44 24 10 40 38 30 49 3 22 23 19 36 50 15 17 13 8 31 9 20 18 28 46 37 2 14 45 26 12 43 39 25 6 41 27 35 47 11 34 16 48 4
1 35 26 46 29 41 23 49 12 22 40 15 30 31 3 44 42 13 16 17 4 38 24 32 21 48 36 28 43 7 5 10 9 45 27 11 37 47 25 2 39 18 33 19 34 50 8 14 6 20
1 13 7 10 6 14 3 9 2 11 4 15 8 12 5 16
1 28 5 27 7 40 20 33 14 26 11 31 12 42 8 32 18 43 3 36 13 47 22 30 2 50 16 34 15 44 6 35 25 41 17 48 9 46 19 38 24 37 10 29 21 49 4 39 23 45
1 21 50 37 4 5 29 16 34 30 31 43 14 36 32 11 48 40 10 19 45 22 33 7 26 38 25 42 23 49 13 15 47 2 3 46 41 24 28 6 12 39 20 8 44 9 18 35 27 17
1 2 3 4 5 6 7 8 9 10 11 12 13 14 15 16 17 18 19 20 21 22 23 24 25 26 27 28 29 30
1 2 3 4 5 6 7 8 9 10 11 12 15 14 13 16 17 18 39 44 19 26 21 34 23 48 25 32 27 40 29 42 31 50 33 38 41 20 35 22 49 24 45 28 47 30 43 36 37 46
1 2 4 3 5 6 7 8
1 31 2 26 22 39 8 29 11 13 19 12 10 37 24 40 41 18 27 33 32 23 6 50 38 20 21 43 7 35 30 49 45 34 47 9 48 17 44 28 46 5 36 25 16 42 3 15 4 14
1 34 14 26 4 35 21 49 5 31 15 50 13 29 23 36 8 47 12 27 19 38 3 28 17 48 10 41 25 30 24 46 6 45 9 39 18 42 7 43 2 32 16 33 22 37 11 40 20 44
1 9 49 41 27 30 31 35 8 16 25 42 5 13 45 50 14 29 6 22 34 3 46 28 38 4 37 47 20 10 23 48 24 15 44 26 32 21 43 40 18 7 17 19 11 33 39 12 2 36
1 19 7 14 26 16 18 38 12 32 47 35 40 13 27 44 2 4 36 46 45 48 21 31 49 9 39 22 10 30 6 50 34 43 37 11 25 24 17 20 42 41 3 23 15 5 28 29 8 33
1 44 3 32 24 48 11 30 5 27 6 38 13 41 20 37 14 35 17 42 19 36 9 34 18 39 10 26 21 46 16 49 4 28 22 47 12 43 25 50 8 33 23 45 2 29 15 31 7 40
1 4 47 24 11 28 39 2 21 48 13 20 3 32 15 12 25 10 29 18 33 50 7 14 37 44 35 16 23 30 17 8 41 6 49 34 27 36 19 42 9 40 31 26 43 22 5 38 45 46
1 13 2 3 15 22 7 14 8 12 9 21 10 11 23 19 18 4 48 5 41 6 47 27 26 20 16 28 24 29 17 30 25 37 31 38 32 36 33 45 34 35 39 46 40 44 42 43
1 4 6 5 2 3
1 13 40 47 20 23 12 33 6 31 30 29 18 8 34 45 44 7 35 16 5 14 21 41 26 19 24 11 9 39 43 50 15 49 10 36 22 46 32 48 28 37 4 38 42 25 3 2 27 17
1 30 23 40 18 29 6 33 7 37 17 47 21 31 9 43 16 46 15 36 5 35 22 49 19 42 11 45 3 26 20 48 8 38 24 34 12 28 25 32 2 39 13 50 4 27 10 41 14 44
1 39 30 29 14 12 2 44 8 37 13 11 26 28 21 40 22 36 18 4 10 19 27 20 16 42 15 31 25 17 9 32 6 41 5 23 7 43 34 38 3 24 33 35
1 2 3 4 5 6 7 8 9 10 11 12 13 14 15 16 17 18 19 20 21 22 23 24 25 26 27 28 29 30 31 32 33 34 35 36 37 38 39 40 41 42 43 44 45 46 47 48 49 50
1 4 5 25 26 9 19 11 8 3 16 15 6 2 7 24 23 22 21 20 14 13 12 17 10 18
1 20 5 12 13 10 9 4 11 16 15 6 3 2 17 14 19 18 7 8
1 40 27 17 46 4 47 32 23 36 14 5 42 8 10 12 50 20 2 21 24 3 43 44 9 16 22 25 18 26 34 19 31 15 37 28 49 29 6 11 39 38 33 30 48 35 41 13 7 45
1 22 39 4 41 33 25 14 24 20 7 12 38 30 34 37 21 15 46 10 28 8 13 27 42 32 45 16 44 43 47 5 49 48 9 6 26 18 23 17 2 19 50 35 40 3 29 11 36 31
1 49 16 45 21 30 32 26 17 5 18 6 41 20 40 12 22 19 37 15 29 8 28 13 35 14 9 27 23 42 10 7 24 39 4 31 34 25 11 43 33 36 38 46 44 50 3 47 2 48
1 32 13 41 2 36 45 14 46 31 6 29 10 30 15 27 12 28 3 24 19 8 42 48 50 11 34 43 20 37 25 5 38 21 44 16 39 49 17 33 40 35 18 23 9 47 22 4 26 7
1 6 2 7 14 18 13 9 33 19 43 17 22 8 11 16 21 10 15 30 3 20 24 28 23 29 25 36 32 26 44 37 45 38 12 40 31 39 41 46 34 47 42 48 35 50 4 27 5 49
1 17 48 28 15 43 25 44 35 24 27 39 2 22 21 31 9 14 7 16 3 5 38 29 37 23 47 36 50 11 34 45 8 13 26 42 18 33 4 49 10 6 32 41 12 40 20 46 30 19
1 2 3 14 19 30 11 22 27 38 43 42 41 40 37 36 33 32 29 28 25 24 21 20 17 16 13 12 9 8 5 4 7 6 35 46 47 48 45 44 15 10 23 18 31 26 39 34
1 4 5 14 15 2 50 46 19 18 24 9 31 8 12 35 20 11 47 6 48 13 34 45 33 17 32 22 49 38 7 36 37 44 25 16 26 41 28 40 21 43 42 29 39 3 23 27 30 10
1 25 34 17 2 28 19 23 47 6 33 30 36 11 10 32 50 18 38 48 20 37 39 45 44 7 27 16 22 49 3 24 46 35 4 8 31 43 5 26 41 15 14 13 42 21 40 12 9 29
1 30 15 32 29 4 23 24 43 40 13 34 5 42 7 50 11 18 33 6 25 14 35 26 41 8 27 44 19 46 31 10 17 38 9 16 47 20 45 2 3 48 49 36 21 28 37 22 39 12
1 2 3 4 5 6 14 22 30 11 19 27 35 43 44 8 7 9 10 15 16 13 12 18 17 20 21 24 23 25 26 31 32 29 28 34 33 36 37 38 46 45 39 40 42 41 48 47
1 12 7 6 9 3 4 5 13 8 10 2 14 15 11 19 20 33 29 35 16 27 24 26 31 34 18 39 21 44 22 47 23 45 17 50 36 43 32 46 25 49 30 37 42 48 40 41 38 28
1 4 3 6 7 8 2 9 5 10 11 14 13 16 17 19 12 18 15 20 21 24 23 26 27 29 22 28 25 30
1 48 3 42 2 47 11 46 6 38 10 43 9 28 8 49 15 31 7 29 4 45 17 39 12 35 13 50 18 27 21 32 22 41 23 37 19 34 25 30 24 33 5 40 14 44 20 36 16 26
1 4 14 50 21 17 38 45 16 43 13 8 48 5 47 46 36 11 15 44 27 23 41 3 32 6 19 18 26 24 29 34 2 49 7 25 39 40 10 9 20 35 31 30 12 42 22 33 37 28
1 20 19 22 15 36 33 40 7 16 13 18 5 30 3 14 9 26 21 38 23 32 31 34 25 42 39 44 11 46 41 48 37 50 43 12 29 24 17 28 27 2 35 4 47 10 45 8 49 6
1 22 18 24 30 35 10 25 39 45 9 36 11 14 38 37 46 8 28 40 7 19 23 31 17 5 33 3 21 44 15 49 48 16 43 34 47 32 50 29 6 26 42 4 13 41 12 2 27 20
1 32 3 19 34 17 10 22 50 11 40 12 29 6 2 15 23 49 39 38 16 13 46 14 44 24 47 7 35 4 33 18 28 41 8 36 42 27 31 20 25 48 21 37 45 5 26 9 30 43
1 6 4 9 7 3 2 8 5 10
1 30 21 26 22 27 23 28 24 29 25 34 8 39 15 35 11 43 17 42 3 47 19 32 14 44 2 36 7 40 16 41 18 37 10 38 13 48 6 31 4 45 5 33 20 49 12 50 9 46
1 10 17 35 23 46 47 43 50 44 8 24 48 3 26 37 45 34 42 15 4 13 49 19 33 2 32 30 11 5 16 29 6 28 21 20 7 40 38 41 12 9 27 18 14 39 22 31 25 36
1 29 50 18 34 5 16 24 42 17 2 31 20 39 12 37 41 28 43 23 33 13 3 6 36 25 4 40 19 9 44 7 32 22 45 10 47 27 15 49 35 11 14 26 46 30 48 8 21 38
1 30 23 40 24 4 38 46 8 21 37 48 50 29 27 45 49 44 11 35 43 33 10 34 28 31 47 25 6 42 7 41 32 2 3 39 9 20 5 26 36 22 15 14 16 12 17 13 18 19
1 17 9 18 3 49 5 29 41 23 6 20 10 31 11 12 47 43 35 39 24 42 37 2 4 26 38 32 13 33 7 44 28 14 36 16 46 22 34 15 8 45 21 30 25 48 19 50 27 40
1 4 46 6 7 20 31 13 43 19 39 27 25 22 49 28 3 47 12 38 50 40 5 30 48 45 16 11 29 44 32 2 17 42 8 23 36 21 15 35 10 34 24 37 9 41 26 33 18 14
1 23 26 8 22 25 20 6 35 12 36 49 38 24 11 39 9 10 31 47 46 33 17 18 32 3 2 14 50 28 34 16 45 41 29 7 5 44 19 13 48 30 15 40 43 42 37 21 4 27
1 4 50 24 36 8 5 2 39 23 15 9 27 12 45 6 14 19 43 16 13 17 46 10 35 20 21 33 40 7 37 32 41 31 3 30 49 47 38 28 34 29 44 11 42 18 22 26 48 25
1 22 48 2 47 21 19 11 41 18 4 15 50 3 25 39 36 44 33 34 38 13 6 28 31 5 30 45 49 32 46 35 8 20 24 37 40 26 14 27 17 12 10 43 42 16 7 23 9 29
1 7 17 19 12 2 8 6 20 3 13 11 4 21 9 15 5 14 16 18 22 10
1 2 3 4 5 6 11 22 27 14 19 30 35 46 45 44 43 38 37 36 7 8 9 10 13 12 15 16 17 18 21 20 23 24 25 26 29 28 31 32 33 34 39 40 41 42 47 48
1 25 4 18 17 33 9 11 45 32 20 6 15 13 10 41 46 2 30 48 44 28 14 21 5 12 26 35 47 27 19 22 31 16 3 34 39 7 38 43 24 37 36 42 8 50 23 29 40 49
1 3 2 4
1 9 3 7 4 2 8 6 5 10
1 6 2 10 11 16 12 19 13 17 14 18 15 20 21 26 22 30 31 36 32 37 34 38 33 39 35 40 41 46 42 47 43 49 44 48 45 50 3 9 4 8 5 7 23 29 25 28 24 27
1 9 44 5 19 17 40 2 33 30 36 45 4 24 3 28 34 32 38 6 12 43 49 27 21 25 22 16 10 39 13 11 42 23 8 26 35 31 41 47 37 46 7 50 20 14 15 18 48 29
1 13 21 32 10 43 23 35 44 2 34 26 12 7 28 22 18 46 17 11 47 40 4 20 37 48 14 19 39 38 16 49 15 31 6 30 27 24 42 8 29 25 5 41 50 33 36 3 9 45
1 26 2 27 3 28 4 29 5 30 6 31 7 32 8 33 9 34 10 35 11 36 12 37 13 38 14 39 15 40 16 41 17 42 18 43 19 44 20 45 21 46 22 47 23 48 24 49 25 50
1 13 37 14 27 29 48 21 31 47 40 41 50 46 11 2 7 18 26 4 3 19 8 38 24 17 44 42 23 43 5 9 35 45 36 28 49 6 33 16 39 32 25 12 30 34 22 15 20 10
1 2 4 3
1 34 5 48 6 39 7 41 2 47 14 31 4 43 20 32 13 30 8 49 18 28 23 46 21 37 16 44 15 38 25 40 10 33 22 35 19 36 11 45 17 26 12 27 24 50 3 42 9 29
1 2 44 14 13 11 10 9 41 42 43 28 27 3 4 5 6 7 32 33 34 35 12 17 18 19 16 15 22 23 25 24 26 48 49 50 21 20 45 30 29 8 40 39 31 36 47 37 46 38
1 34 35 32 11 3 4 15 17 39 2 10 40 16 6 20 37 30 27 14 13 23 22 36 5 26 18 31 9 19 28 12 7 38 25 21 24 33 8 29
1 2 3 4 5 6 7 8 9 10 11 12 13 14 15 16 17 18 19 20 21 22 23 24 25 26 27 28 29 30 31 32 33 34 35 36 37 38 39 40 41 42 43 44 45 46 47 48 49 50
1 38 24 32 14 21 4 6 12 36 17 10 18 45 3 43 8 31 37 34 11 9 25 35 39 33 42 28 47 15 13 50 44 29 22 41 48 5 23 30 49 46 26 7 19 2 40 16 27 20
1 8 16 2 18 11 13 28 3 4 5 20 7 32 10 33 50 27 6 42 15 22 14 19 30 21 9 34 31 47 29 12 25 24 43 23 37 39 41 46 17 36 35 49 40 48 45 44 38 26
1 6 3 9 10 7 8 5 4 2
1 3 2 50 5 4 6 7 9 8 11 10 17 12 13 14 15 16 19 18 25 20 21 22 23 24 27 26 33 28 29 30 31 32 35 34 41 36 37 38 39 40 43 42 49 44 45 46 47 48
1 26 5 50 35 17 24 19 42 13 43 25 37 47 14 30 15 21 3 6 34 23 9 4 18 7 40 28 38 32 16 39 22 10 20 2 27 49 11 12 31 36 46 29 41 8 33 44 48 45
1 5 4 2 3 6 11 22 27 14 19 30 35 46 8 7 9 13 12 10 16 15 17 21 20 18 24 23 25 29 28 26 32 31 33 37 36 34 40 39 41 45 44 38 43 42 48 47
1 3 4 9 2 17 16 14 10 11 15 12 7 6 5 8 13 18
1 28 27 25 2 5 21 20 17 15 23 7 4 11 9 24 18 13 14 8 22 19 16 12 6 3 26 10
1 18 7 6 27 26 5 12 29 40 19 36 25 22 3 16 17 30 11 38 31 28 21 14 35 4 23 2 15 32 39 24 9 20 33 34 13 8 37 10
1 25 2 45 31 23 37 49 16 43 17 7 30 13 32 21 35 20 8 41 3 47 39 10 14 6 38 15 26 42 34 29 40 48 22 50 19 18 12 44 24 46 11 9 5 4 33 36 27 28
1 21 11 24 14 38 46 3 32 28 34 35 5 30 17 27 45 25 48 16 33 44 36 4 41 15 40 29 2 20 22 12 47 39 31 18 6 13 43 42 19 7 49 10 9 37 8 23 50 26
1 2 3 4 5 6 7 8 9 10 11 12 13 14 15 16 17 18 19 20 21 22 23 24 25 26 27 28 29 30 31 32 33 34 35 36 37 38 39 40 41 42 43 44 45 46 47 48 49 50
1 50 22 41 23 26 9 34 14 33 19 45 12 39 10 32 11 37 18 35 4 42 7 29 3 27 16 44 8 38 15 28 2 31 17 30 25 46 5 40 20 43 24 47 21 36 13 48 6 49
